<?xml version="1.0" encoding="UTF-8"?>
<testng-results skipped="0" failed="0" ignored="3" total="5" passed="2">
  <reporter-output>
  </reporter-output>
  <suite name="SalesForce App Test Suite" duration-ms="312514" started-at="2020-10-14T14:14:48Z" finished-at="2020-10-14T14:20:00Z">
    <groups>
    </groups>
    <test name="Salesforce App Test Cases" duration-ms="312514" started-at="2020-10-14T14:14:48Z" finished-at="2020-10-14T14:20:00Z">
      <class name="com.salesforce.qa.testcases.AccountPageTest">
        <test-method status="PASS" signature="setUp()[pri:0, instance:com.salesforce.qa.testcases.AccountPageTest@4cf777e8]" name="setUp" is-config="true" duration-ms="64602" started-at="2020-10-14T19:46:57Z" finished-at="2020-10-14T19:48:01Z">
          <reporter-output>
          </reporter-output>
        </test-method> <!-- setUp -->
        <test-method status="PASS" signature="verifyAccountCreationAndEdit()[pri:1, instance:com.salesforce.qa.testcases.AccountPageTest@4cf777e8]" name="verifyAccountCreationAndEdit" duration-ms="117377" started-at="2020-10-14T19:48:01Z" finished-at="2020-10-14T19:49:59Z">
          <reporter-output>
          </reporter-output>
        </test-method> <!-- verifyAccountCreationAndEdit -->
        <test-method status="PASS" signature="getResult(org.testng.ITestResult)[pri:0, instance:com.salesforce.qa.testcases.AccountPageTest@4cf777e8]" name="getResult" is-config="true" duration-ms="1" started-at="2020-10-14T19:49:59Z" finished-at="2020-10-14T19:49:59Z">
          <params>
            <param index="0">
              <value>
                <![CDATA[[TestResult name=verifyAccountCreationAndEdit status=SUCCESS method=AccountPageTest.verifyAccountCreationAndEdit()[pri:1, instance:com.salesforce.qa.testcases.AccountPageTest@4cf777e8] output={null}]]]>
              </value>
            </param>
          </params>
          <reporter-output>
          </reporter-output>
        </test-method> <!-- getResult -->
      </class> <!-- com.salesforce.qa.testcases.AccountPageTest -->
      <class name="com.salesforce.qa.testcases.LoginPageTest">
        <test-method status="PASS" signature="beforeSuiteSetUp()[pri:0, instance:com.salesforce.qa.testcases.LoginPageTest@59ec2012]" name="beforeSuiteSetUp" is-config="true" duration-ms="818" started-at="2020-10-14T19:44:47Z" finished-at="2020-10-14T19:44:48Z">
          <reporter-output>
          </reporter-output>
        </test-method> <!-- beforeSuiteSetUp -->
        <test-method status="PASS" signature="setUp()[pri:0, instance:com.salesforce.qa.testcases.LoginPageTest@59ec2012]" name="setUp" is-config="true" duration-ms="63518" started-at="2020-10-14T19:44:48Z" finished-at="2020-10-14T19:45:51Z">
          <reporter-output>
          </reporter-output>
        </test-method> <!-- setUp -->
        <test-method status="PASS" signature="loginTest()[pri:1, instance:com.salesforce.qa.testcases.LoginPageTest@59ec2012]" name="loginTest" duration-ms="65290" started-at="2020-10-14T19:45:51Z" finished-at="2020-10-14T19:46:57Z">
          <reporter-output>
          </reporter-output>
        </test-method> <!-- loginTest -->
        <test-method status="PASS" signature="getResult(org.testng.ITestResult)[pri:0, instance:com.salesforce.qa.testcases.LoginPageTest@59ec2012]" name="getResult" is-config="true" duration-ms="2" started-at="2020-10-14T19:46:57Z" finished-at="2020-10-14T19:46:57Z">
          <params>
            <param index="0">
              <value>
                <![CDATA[[TestResult name=loginTest status=SUCCESS method=LoginPageTest.loginTest()[pri:1, instance:com.salesforce.qa.testcases.LoginPageTest@59ec2012] output={null}]]]>
              </value>
            </param>
          </params>
          <reporter-output>
          </reporter-output>
        </test-method> <!-- getResult -->
        <test-method status="PASS" signature="closeEnv()[pri:0, instance:com.salesforce.qa.testcases.LoginPageTest@59ec2012]" name="closeEnv" is-config="true" duration-ms="1684" started-at="2020-10-14T19:49:59Z" finished-at="2020-10-14T19:50:00Z">
          <reporter-output>
          </reporter-output>
        </test-method> <!-- closeEnv -->
        <test-method status="PASS" signature="tearDown()[pri:0, instance:com.salesforce.qa.testcases.LoginPageTest@59ec2012]" name="tearDown" is-config="true" duration-ms="2304" started-at="2020-10-14T19:50:01Z" finished-at="2020-10-14T19:50:03Z">
          <reporter-output>
          </reporter-output>
        </test-method> <!-- tearDown -->
      </class> <!-- com.salesforce.qa.testcases.LoginPageTest -->
    </test> <!-- Salesforce App Test Cases -->
  </suite> <!-- SalesForce App Test Suite -->
</testng-results>
