# JRE version: Java(TM) SE Runtime Environment (8.0_151-b12) (build 1.8.0_151-b12)
# Java VM: Java HotSpot(TM) 64-Bit Server VM (25.151-b12 mixed mode windows-amd64 compressed oops)
Heap:
 PSYoungGen      total 291328K, used 74386K [0x00000000eb580000, 0x00000000fe500000, 0x0000000100000000)
  eden space 276480K, 23% used [0x00000000eb580000,0x00000000ef53b5e0,0x00000000fc380000)
  from space 14848K, 61% used [0x00000000fd200000,0x00000000fdae94c8,0x00000000fe080000)
  to   space 14848K, 0% used [0x00000000fc380000,0x00000000fc380000,0x00000000fd200000)
 ParOldGen       total 62464K, used 47764K [0x00000000c2000000, 0x00000000c5d00000, 0x00000000eb580000)
  object space 62464K, 76% used [0x00000000c2000000,0x00000000c4ea5198,0x00000000c5d00000)
 Metaspace       used 47428K, capacity 48846K, committed 49152K, reserved 1091584K
  class space    used 5709K, capacity 6070K, committed 6144K, reserved 1048576K
GC Heap History (10 events):
Event: 9.802 GC heap before
{Heap before GC invocations=10 (full 1):
 PSYoungGen      total 135680K, used 6839K [0x00000000eb580000, 0x00000000f8e80000, 0x0000000100000000)
  eden space 120832K, 0% used [0x00000000eb580000,0x00000000eb580000,0x00000000f2b80000)
  from space 14848K, 46% used [0x00000000f2b80000,0x00000000f322de60,0x00000000f3a00000)
  to   space 14336K, 0% used [0x00000000f8080000,0x00000000f8080000,0x00000000f8e80000)
 ParOldGen       total 42496K, used 23284K [0x00000000c2000000, 0x00000000c4980000, 0x00000000eb580000)
  object space 42496K, 54% used [0x00000000c2000000,0x00000000c36bd198,0x00000000c4980000)
 Metaspace       used 20766K, capacity 21152K, committed 21296K, reserved 1069056K
  class space    used 2485K, capacity 2618K, committed 2688K, reserved 1048576K
Event: 9.955 GC heap after
Heap after GC invocations=10 (full 1):
 PSYoungGen      total 135680K, used 0K [0x00000000eb580000, 0x00000000f8e80000, 0x0000000100000000)
  eden space 120832K, 0% used [0x00000000eb580000,0x00000000eb580000,0x00000000f2b80000)
  from space 14848K, 0% used [0x00000000f2b80000,0x00000000f2b80000,0x00000000f3a00000)
  to   space 14336K, 0% used [0x00000000f8080000,0x00000000f8080000,0x00000000f8e80000)
 ParOldGen       total 47616K, used 21598K [0x00000000c2000000, 0x00000000c4e80000, 0x00000000eb580000)
  object space 47616K, 45% used [0x00000000c2000000,0x00000000c3517bd0,0x00000000c4e80000)
 Metaspace       used 20766K, capacity 21152K, committed 21296K, reserved 1069056K
  class space    used 2485K, capacity 2618K, committed 2688K, reserved 1048576K
}
Event: 13.821 GC heap before
{Heap before GC invocations=11 (full 1):
 PSYoungGen      total 135680K, used 120832K [0x00000000eb580000, 0x00000000f8e80000, 0x0000000100000000)
  eden space 120832K, 100% used [0x00000000eb580000,0x00000000f2b80000,0x00000000f2b80000)
  from space 14848K, 0% used [0x00000000f2b80000,0x00000000f2b80000,0x00000000f3a00000)
  to   space 14336K, 0% used [0x00000000f8080000,0x00000000f8080000,0x00000000f8e80000)
 ParOldGen       total 47616K, used 21598K [0x00000000c2000000, 0x00000000c4e80000, 0x00000000eb580000)
  object space 47616K, 45% used [0x00000000c2000000,0x00000000c3517bd0,0x00000000c4e80000)
 Metaspace       used 23807K, capacity 24436K, committed 24704K, reserved 1071104K
  class space    used 2735K, capacity 2895K, committed 2944K, reserved 1048576K
Event: 13.844 GC heap after
Heap after GC invocations=11 (full 1):
 PSYoungGen      total 196608K, used 12738K [0x00000000eb580000, 0x00000000f8d00000, 0x0000000100000000)
  eden space 183808K, 0% used [0x00000000eb580000,0x00000000eb580000,0x00000000f6900000)
  from space 12800K, 99% used [0x00000000f8080000,0x00000000f8cf0a20,0x00000000f8d00000)
  to   space 15872K, 0% used [0x00000000f6e00000,0x00000000f6e00000,0x00000000f7d80000)
 ParOldGen       total 47616K, used 21606K [0x00000000c2000000, 0x00000000c4e80000, 0x00000000eb580000)
  object space 47616K, 45% used [0x00000000c2000000,0x00000000c3519bd0,0x00000000c4e80000)
 Metaspace       used 23807K, capacity 24436K, committed 24704K, reserved 1071104K
  class space    used 2735K, capacity 2895K, committed 2944K, reserved 1048576K
}
Event: 16.925 GC heap before
{Heap before GC invocations=12 (full 1):
 PSYoungGen      total 196608K, used 67226K [0x00000000eb580000, 0x00000000f8d00000, 0x0000000100000000)
  eden space 183808K, 29% used [0x00000000eb580000,0x00000000eeab60d8,0x00000000f6900000)
  from space 12800K, 99% used [0x00000000f8080000,0x00000000f8cf0a20,0x00000000f8d00000)
  to   space 15872K, 0% used [0x00000000f6e00000,0x00000000f6e00000,0x00000000f7d80000)
 ParOldGen       total 47616K, used 21606K [0x00000000c2000000, 0x00000000c4e80000, 0x00000000eb580000)
  object space 47616K, 45% used [0x00000000c2000000,0x00000000c3519bd0,0x00000000c4e80000)
 Metaspace       used 34387K, capacity 35212K, committed 35456K, reserved 1081344K
  class space    used 3918K, capacity 4175K, committed 4224K, reserved 1048576K
Event: 16.962 GC heap after
Heap after GC invocations=12 (full 1):
 PSYoungGen      total 204800K, used 7856K [0x00000000eb580000, 0x00000000fe080000, 0x0000000100000000)
  eden space 188928K, 0% used [0x00000000eb580000,0x00000000eb580000,0x00000000f6e00000)
  from space 15872K, 49% used [0x00000000f6e00000,0x00000000f75ac360,0x00000000f7d80000)
  to   space 14848K, 0% used [0x00000000fd200000,0x00000000fd200000,0x00000000fe080000)
 ParOldGen       total 47616K, used 31582K [0x00000000c2000000, 0x00000000c4e80000, 0x00000000eb580000)
  object space 47616K, 66% used [0x00000000c2000000,0x00000000c3ed7868,0x00000000c4e80000)
 Metaspace       used 34387K, capacity 35212K, committed 35456K, reserved 1081344K
  class space    used 3918K, capacity 4175K, committed 4224K, reserved 1048576K
}
Event: 16.962 GC heap before
{Heap before GC invocations=13 (full 2):
 PSYoungGen      total 204800K, used 7856K [0x00000000eb580000, 0x00000000fe080000, 0x0000000100000000)
  eden space 188928K, 0% used [0x00000000eb580000,0x00000000eb580000,0x00000000f6e00000)
  from space 15872K, 49% used [0x00000000f6e00000,0x00000000f75ac360,0x00000000f7d80000)
  to   space 14848K, 0% used [0x00000000fd200000,0x00000000fd200000,0x00000000fe080000)
 ParOldGen       total 47616K, used 31582K [0x00000000c2000000, 0x00000000c4e80000, 0x00000000eb580000)
  object space 47616K, 66% used [0x00000000c2000000,0x00000000c3ed7868,0x00000000c4e80000)
 Metaspace       used 34387K, capacity 35212K, committed 35456K, reserved 1081344K
  class space    used 3918K, capacity 4175K, committed 4224K, reserved 1048576K
Event: 17.047 GC heap after
Heap after GC invocations=13 (full 2):
 PSYoungGen      total 204800K, used 0K [0x00000000eb580000, 0x00000000fe080000, 0x0000000100000000)
  eden space 188928K, 0% used [0x00000000eb580000,0x00000000eb580000,0x00000000f6e00000)
  from space 15872K, 0% used [0x00000000f6e00000,0x00000000f6e00000,0x00000000f7d80000)
  to   space 14848K, 0% used [0x00000000fd200000,0x00000000fd200000,0x00000000fe080000)
 ParOldGen       total 62464K, used 31356K [0x00000000c2000000, 0x00000000c5d00000, 0x00000000eb580000)
  object space 62464K, 50% used [0x00000000c2000000,0x00000000c3e9f188,0x00000000c5d00000)
 Metaspace       used 33716K, capacity 34460K, committed 35456K, reserved 1081344K
  class space    used 3847K, capacity 4095K, committed 4224K, reserved 1048576K
}
Event: 122.934 GC heap before
{Heap before GC invocations=14 (full 2):
 PSYoungGen      total 204800K, used 188928K [0x00000000eb580000, 0x00000000fe080000, 0x0000000100000000)
  eden space 188928K, 100% used [0x00000000eb580000,0x00000000f6e00000,0x00000000f6e00000)
  from space 15872K, 0% used [0x00000000f6e00000,0x00000000f6e00000,0x00000000f7d80000)
  to   space 14848K, 0% used [0x00000000fd200000,0x00000000fd200000,0x00000000fe080000)
 ParOldGen       total 62464K, used 31356K [0x00000000c2000000, 0x00000000c5d00000, 0x00000000eb580000)
  object space 62464K, 50% used [0x00000000c2000000,0x00000000c3e9f188,0x00000000c5d00000)
 Metaspace       used 43063K, capacity 44520K, committed 44672K, reserved 1089536K
  class space    used 5094K, capacity 5461K, committed 5504K, reserved 1048576K
Event: 122.977 GC heap after
Heap after GC invocations=14 (full 2):
 PSYoungGen      total 291328K, used 9125K [0x00000000eb580000, 0x00000000fe500000, 0x0000000100000000)
  eden space 276480K, 0% used [0x00000000eb580000,0x00000000eb580000,0x00000000fc380000)
  from space 14848K, 61% used [0x00000000fd200000,0x00000000fdae94c8,0x00000000fe080000)
  to   space 14848K, 0% used [0x00000000fc380000,0x00000000fc380000,0x00000000fd200000)
 ParOldGen       total 62464K, used 47764K [0x00000000c2000000, 0x00000000c5d00000, 0x00000000eb580000)
  object space 62464K, 76% used [0x00000000c2000000,0x00000000c4ea5198,0x00000000c5d00000)
 Metaspace       used 43063K, capacity 44520K, committed 44672K, reserved 1089536K
  class space    used 5094K, capacity 5461K, committed 5504K, reserved 1048576K
}

