<?xml version="1.0" encoding="UTF-8"?>
<!-- Generated by org.testng.reporters.JUnitXMLReporter -->
<testsuite hostname="LAPTOP-V9I9TCUB" ignored="3" name="Salesforce App Test Cases" tests="2" failures="0" timestamp="14 Oct 2020 14:20:00 GMT" time="312.514" errors="0">
  <testcase name="loginTest" time="65.29" classname="com.salesforce.qa.testcases.LoginPageTest"/>
  <testcase name="verifyAccountCreationAndEdit" time="117.377" classname="com.salesforce.qa.testcases.AccountPageTest"/>
  <testcase name="@AfterTest closeEnv" time="0.0" classname="com.salesforce.qa.base.TestBase">
    <ignored/>
  </testcase> <!-- @AfterTest closeEnv -->
  <testcase name="@BeforeSuite beforeSuiteSetUp" time="0.0" classname="com.salesforce.qa.base.TestBase">
    <ignored/>
  </testcase> <!-- @BeforeSuite beforeSuiteSetUp -->
  <testcase name="@AfterSuite tearDown" time="0.0" classname="com.salesforce.qa.base.TestBase">
    <ignored/>
  </testcase> <!-- @AfterSuite tearDown -->
</testsuite> <!-- Salesforce App Test Cases -->
